<?xml version="1.0" encoding="UTF-8"?>
<!-- Generated by org.testng.reporters.JUnitReportReporter -->
<testsuite hostname="DESKTOP-1FHOS9C" failures="0" tests="1" name="testCases.TC002_Login_NewCustomer" time="7.222" errors="0" timestamp="2023-05-25T20:11:03 IST" skipped="0">
  <testcase classname="testCases.TC002_Login_NewCustomer" name="tc002_Login_NewCustomer" time="7.222"/>
  <system-out/>
</testsuite> <!-- testCases.TC002_Login_NewCustomer -->
