<?xml version="1.0" encoding="UTF-8"?>
<!-- Generated by org.testng.reporters.JUnitReportReporter -->
<testsuite hostname="DESKTOP-1FHOS9C" failures="0" tests="1" name="testData.ExcelData" time="0.734" errors="0" timestamp="2023-05-23T22:02:59 IST" skipped="0">
  <testcase classname="testData.ExcelData" name="getExcelData" time="0.734"/>
  <system-out/>
</testsuite> <!-- testData.ExcelData -->
