<?xml version="1.0" encoding="UTF-8"?>
<!-- Generated by org.testng.reporters.JUnitReportReporter -->
<testsuite hostname="DESKTOP-1FHOS9C" failures="0" tests="1" name="testCases.TC001_Login_Logout" time="1.795" errors="0" timestamp="2023-05-24T16:15:03 IST" skipped="0">
  <testcase classname="testCases.TC001_Login_Logout" name="tc001_Login_Logout" time="1.795"/>
  <system-out/>
</testsuite> <!-- testCases.TC001_Login_Logout -->
