<?xml version="1.0" encoding="UTF-8"?>
<!-- Generated by org.testng.reporters.JUnitReportReporter -->
<testsuite hostname="DESKTOP-1FHOS9C" failures="0" tests="1" name="commonFunctions.CommonFunctions" time="0.004" errors="0" timestamp="2023-05-22T18:12:09 IST" skipped="0">
  <testcase classname="commonFunctions.CommonFunctions" name="test" time="0.004"/>
  <system-out/>
</testsuite> <!-- commonFunctions.CommonFunctions -->
